2023-05-24 13:34:25.118 [info] Log level: Info
2023-05-24 13:34:25.118 [info] Validating found git in: "git"
2023-05-24 13:34:25.118 [info] Using git "2.34.1" from "git"
2023-05-24 13:34:25.118 [info] > git rev-parse --show-toplevel [305ms]
2023-05-24 13:34:25.293 [info] > git rev-parse --git-dir --git-common-dir [121ms]
2023-05-24 13:34:25.320 [info] Open repository: /home/drstrange/wsl_Netf/NetflixClone
2023-05-24 13:34:25.474 [info] > git config --get commit.template [75ms]
2023-05-24 13:34:25.475 [info] > git rev-parse --show-toplevel [118ms]
2023-05-24 13:34:26.860 [info] > git rev-parse --show-toplevel [1339ms]
2023-05-24 13:34:27.047 [info] > git check-ignore -v -z --stdin [104ms]
2023-05-24 13:34:27.050 [info] > git rev-parse --show-toplevel [152ms]
2023-05-24 13:34:27.091 [info] > git for-each-ref --format=%(refname)%00%(upstream:short)%00%(objectname)%00%(upstream:track)%00%(upstream:remotename)%00%(upstream:remoteref) refs/heads/main refs/remotes/main [1500ms]
2023-05-24 13:34:27.137 [info] > git rev-parse --show-toplevel [48ms]
2023-05-24 13:34:27.214 [info] > git rev-parse --show-toplevel [33ms]
2023-05-24 13:34:27.481 [info] > git show --textconv :print.txt [206ms]
2023-05-24 13:34:27.482 [info] > git ls-files --stage -- /home/drstrange/wsl_Netf/NetflixClone/print.txt [161ms]
2023-05-24 13:34:27.641 [info] > git status -z -uall [513ms]
2023-05-24 13:34:27.725 [info] > git config --get commit.template [13ms]
2023-05-24 13:34:27.812 [info] > git for-each-ref --format=%(refname)%00%(upstream:short)%00%(objectname)%00%(upstream:track)%00%(upstream:remotename)%00%(upstream:remoteref) refs/heads/main refs/remotes/main [41ms]
2023-05-24 13:34:28.027 [info] > git status -z -uall [166ms]
2023-05-24 13:34:55.263 [info] > git show --textconv :.gitignore [645ms]
2023-05-24 13:34:55.265 [info] > git ls-files --stage -- /home/drstrange/wsl_Netf/NetflixClone/.gitignore [577ms]
2023-05-24 13:34:55.496 [info] > git cat-file -s 6d17870812b5e71eeb5a7038af053fb29a715e7b [159ms]
2023-05-24 13:34:55.517 [info] > git check-ignore -v -z --stdin [53ms]
2023-05-24 13:34:56.076 [info] > git check-ignore -v -z --stdin [29ms]
2023-05-24 13:34:56.713 [info] > git check-ignore -v -z --stdin [8ms]
2023-05-24 13:34:57.961 [info] > git check-ignore -v -z --stdin [9ms]
2023-05-24 13:35:02.054 [info] > git show --textconv :static/assets/style.css [150ms]
2023-05-24 13:35:02.059 [info] > git ls-files --stage -- /home/drstrange/wsl_Netf/NetflixClone/static/assets/style.css [87ms]
2023-05-24 13:35:02.152 [info] > git cat-file -s 5c98ec36b51d1f3b146e464845d5241e5b93f2fd [16ms]
2023-05-24 13:35:06.566 [info] > git show --textconv :manage.py [64ms]
2023-05-24 13:35:06.573 [info] > git ls-files --stage -- /home/drstrange/wsl_Netf/NetflixClone/manage.py [10ms]
2023-05-24 13:35:06.644 [info] > git cat-file -s 16e4f14e4fb6baddc12efdb05a2c7b13cf4dd5e2 [10ms]
2023-05-24 13:35:07.570 [info] > git show --textconv :print.txt [53ms]
2023-05-24 13:35:07.576 [info] > git ls-files --stage -- /home/drstrange/wsl_Netf/NetflixClone/print.txt [9ms]
2023-05-24 13:35:09.194 [info] > git show --textconv :requirements.txt [77ms]
2023-05-24 13:35:09.200 [info] > git ls-files --stage -- /home/drstrange/wsl_Netf/NetflixClone/requirements.txt [9ms]
2023-05-24 13:35:09.292 [info] > git cat-file -s 9ddd570825b0c60d196f8065ce686968b5013d7c [26ms]
2023-05-24 13:35:10.594 [info] > git show --textconv :print.txt [72ms]
2023-05-24 13:35:10.609 [info] > git ls-files --stage -- /home/drstrange/wsl_Netf/NetflixClone/print.txt [20ms]
2023-05-24 13:35:11.778 [info] > git show --textconv :manage.py [81ms]
2023-05-24 13:35:11.786 [info] > git ls-files --stage -- /home/drstrange/wsl_Netf/NetflixClone/manage.py [15ms]
2023-05-24 13:35:11.883 [info] > git cat-file -s 16e4f14e4fb6baddc12efdb05a2c7b13cf4dd5e2 [16ms]
