2023-05-02 07:45:19.727 [info] Log level: Info
2023-05-02 07:45:19.727 [info] Validating found git in: "git"
2023-05-02 07:45:19.728 [info] Using git "2.34.1" from "git"
2023-05-02 07:45:19.777 [info] > git rev-parse --show-toplevel [450ms]
2023-05-02 07:45:20.127 [info] > git rev-parse --git-dir --git-common-dir [262ms]
2023-05-02 07:45:20.158 [info] Open repository: /home/drstrange/wsl_Netf/NetflixClone
2023-05-02 07:45:20.454 [info] > git rev-parse --show-toplevel [218ms]
2023-05-02 07:45:20.579 [info] > git config --get commit.template [231ms]
2023-05-02 07:45:20.592 [info] > git rev-parse --show-toplevel [71ms]
2023-05-02 07:45:20.799 [info] > git rev-parse --show-toplevel [135ms]
2023-05-02 07:45:20.962 [info] > git rev-parse --show-toplevel [96ms]
2023-05-02 07:45:21.038 [info] > git for-each-ref --format=%(refname)%00%(upstream:short)%00%(objectname)%00%(upstream:track)%00%(upstream:remotename)%00%(upstream:remoteref) refs/heads/main refs/remotes/main [293ms]
2023-05-02 07:45:21.139 [info] > git check-ignore -v -z --stdin [193ms]
2023-05-02 07:45:21.145 [info] > git rev-parse --show-toplevel [109ms]
2023-05-02 07:45:21.336 [info] > git rev-parse --show-toplevel [112ms]
2023-05-02 07:45:21.561 [info] > git show --textconv :netclone/settings.py [116ms]
2023-05-02 07:45:21.568 [info] > git ls-files --stage -- /home/drstrange/wsl_Netf/NetflixClone/netclone/settings.py [43ms]
2023-05-02 07:45:21.684 [info] > git cat-file -s 46be8604c6486a5991d738c204c964f203baaa67 [31ms]
2023-05-02 07:45:21.892 [info] > git status -z -uall [776ms]
2023-05-02 07:45:22.051 [info] > git config --get commit.template [39ms]
2023-05-02 07:45:22.196 [info] > git for-each-ref --format=%(refname)%00%(upstream:short)%00%(objectname)%00%(upstream:track)%00%(upstream:remotename)%00%(upstream:remoteref) refs/heads/main refs/remotes/main [55ms]
2023-05-02 07:45:22.532 [info] > git status -z -uall [258ms]
2023-05-02 07:45:45.139 [info] > git check-ignore -v -z --stdin [32ms]
2023-05-02 07:45:49.276 [info] > git show --textconv :netclone/wsgi.py [76ms]
2023-05-02 07:45:49.287 [info] > git ls-files --stage -- /home/drstrange/wsl_Netf/NetflixClone/netclone/wsgi.py [14ms]
2023-05-02 07:45:49.380 [info] > git cat-file -s 07a0d8010fade3ac436ccd7c570922c05cfcdaa2 [18ms]
2023-05-02 07:59:12.549 [info] > git config --get commit.template [56ms]
2023-05-02 07:59:12.572 [info] > git for-each-ref --format=%(refname)%00%(upstream:short)%00%(objectname)%00%(upstream:track)%00%(upstream:remotename)%00%(upstream:remoteref) refs/heads/main refs/remotes/main [27ms]
2023-05-02 07:59:12.820 [info] > git status -z -uall [200ms]
2023-05-02 07:59:17.968 [info] > git config --get commit.template [63ms]
2023-05-02 07:59:17.977 [info] > git for-each-ref --format=%(refname)%00%(upstream:short)%00%(objectname)%00%(upstream:track)%00%(upstream:remotename)%00%(upstream:remoteref) refs/heads/main refs/remotes/main [13ms]
2023-05-02 07:59:18.161 [info] > git status -z -uall [131ms]
2023-05-02 07:59:31.776 [info] > git show --textconv :manage.py [67ms]
2023-05-02 07:59:31.786 [info] > git ls-files --stage -- /home/drstrange/wsl_Netf/NetflixClone/manage.py [14ms]
2023-05-02 07:59:31.865 [info] > git cat-file -s 16e4f14e4fb6baddc12efdb05a2c7b13cf4dd5e2 [14ms]
2023-05-02 07:59:45.874 [info] > git show --textconv :requirements.txt [48ms]
2023-05-02 07:59:45.881 [info] > git ls-files --stage -- /home/drstrange/wsl_Netf/NetflixClone/requirements.txt [10ms]
2023-05-02 07:59:45.938 [info] > git cat-file -s 9ddd570825b0c60d196f8065ce686968b5013d7c [11ms]
2023-05-02 07:59:56.542 [info] > git show --textconv :manage.py [66ms]
2023-05-02 07:59:56.546 [info] > git ls-files --stage -- /home/drstrange/wsl_Netf/NetflixClone/manage.py [18ms]
2023-05-02 07:59:56.612 [info] > git cat-file -s 16e4f14e4fb6baddc12efdb05a2c7b13cf4dd5e2 [12ms]
2023-05-02 07:59:59.640 [info] > git show --textconv :.gitignore [57ms]
2023-05-02 07:59:59.645 [info] > git ls-files --stage -- /home/drstrange/wsl_Netf/NetflixClone/.gitignore [8ms]
2023-05-02 07:59:59.697 [info] > git cat-file -s 6d17870812b5e71eeb5a7038af053fb29a715e7b [12ms]
2023-05-02 08:00:03.290 [info] > git check-ignore -v -z --stdin [11ms]
2023-05-02 08:00:05.546 [info] > git check-ignore -v -z --stdin [11ms]
2023-05-02 08:00:11.900 [info] > git show --textconv :.env [58ms]
2023-05-02 08:00:11.902 [info] > git ls-files --stage -- /home/drstrange/wsl_Netf/NetflixClone/.env [10ms]
2023-05-02 08:00:11.953 [info] > git cat-file -s 41c2d13a7e5d8e76f4b16b3ee8bd1c7bba2850dc [11ms]
2023-05-02 08:00:17.778 [info] > git show --textconv :netclone/settings.py [66ms]
2023-05-02 08:00:17.780 [info] > git ls-files --stage -- /home/drstrange/wsl_Netf/NetflixClone/netclone/settings.py [17ms]
2023-05-02 08:00:17.843 [info] > git cat-file -s 46be8604c6486a5991d738c204c964f203baaa67 [12ms]
2023-05-02 08:00:56.826 [info] > git show --textconv :netclone/asgi.py [49ms]
2023-05-02 08:00:56.830 [info] > git ls-files --stage -- /home/drstrange/wsl_Netf/NetflixClone/netclone/asgi.py [11ms]
2023-05-02 08:00:56.889 [info] > git cat-file -s d3699beffdd6fd774321cd14620b54f766f72910 [11ms]
2023-05-02 08:01:00.507 [info] > git show --textconv :netclone/__init__.py [61ms]
2023-05-02 08:01:00.510 [info] > git ls-files --stage -- /home/drstrange/wsl_Netf/NetflixClone/netclone/__init__.py [11ms]
2023-05-02 08:01:00.566 [info] > git cat-file -s e69de29bb2d1d6434b8b29ae775ad8c2e48c5391 [13ms]
2023-05-02 08:01:06.964 [info] > git check-ignore -v -z --stdin [10ms]
2023-05-02 08:01:09.094 [info] > git check-ignore -v -z --stdin [12ms]
2023-05-02 08:01:27.794 [info] > git check-ignore -v -z --stdin [9ms]
2023-05-02 08:08:58.373 [info] > git show --textconv :netclone/wsgi.py [67ms]
2023-05-02 08:08:58.382 [info] > git ls-files --stage -- /home/drstrange/wsl_Netf/NetflixClone/netclone/wsgi.py [13ms]
2023-05-02 08:08:58.444 [info] > git cat-file -s 07a0d8010fade3ac436ccd7c570922c05cfcdaa2 [12ms]
2023-05-02 08:08:59.963 [info] > git show --textconv :netclone/urls.py [62ms]
2023-05-02 08:08:59.968 [info] > git ls-files --stage -- /home/drstrange/wsl_Netf/NetflixClone/netclone/urls.py [13ms]
2023-05-02 08:09:00.040 [info] > git cat-file -s 20a752636fbbb3860026dc0bf6a953cb81f08ef4 [18ms]
2023-05-02 08:12:15.353 [info] > git for-each-ref --format=%(refname)%00%(upstream:short)%00%(objectname)%00%(upstream:track)%00%(upstream:remotename)%00%(upstream:remoteref) refs/heads/main refs/remotes/main [55ms]
2023-05-02 08:12:15.357 [info] > git config --get commit.template [111ms]
2023-05-02 08:12:15.403 [info] > git check-ignore -v -z --stdin [54ms]
2023-05-02 08:12:15.596 [info] > git status -z -uall [194ms]
