2023-05-30 12:45:36.136 [info] Log level: Info
2023-05-30 12:45:36.136 [info] Validating found git in: "git"
2023-05-30 12:45:36.136 [info] Using git "2.34.1" from "git"
2023-05-30 12:45:36.136 [info] > git rev-parse --show-toplevel [517ms]
2023-05-30 12:45:36.139 [info] > git rev-parse --git-dir --git-common-dir [144ms]
2023-05-30 12:45:36.159 [info] Open repository: /home/drstrange/wsl_Netf/NetflixClone
2023-05-30 12:45:38.068 [info] > git config --get commit.template [1815ms]
2023-05-30 12:45:38.068 [info] > git rev-parse --show-toplevel [1863ms]
2023-05-30 12:45:38.130 [info] > git check-ignore -v -z --stdin [86ms]
2023-05-30 12:45:38.188 [info] > git rev-parse --show-toplevel [71ms]
2023-05-30 12:45:38.243 [info] > git rev-parse --show-toplevel [8ms]
2023-05-30 12:45:38.400 [info] > git for-each-ref --format=%(refname)%00%(upstream:short)%00%(objectname)%00%(upstream:track)%00%(upstream:remotename)%00%(upstream:remoteref) refs/heads/main refs/remotes/main [221ms]
2023-05-30 12:45:38.519 [info] > git rev-parse --show-toplevel [231ms]
2023-05-30 12:45:38.592 [info] > git rev-parse --show-toplevel [19ms]
2023-05-30 12:45:38.659 [info] > git rev-parse --show-toplevel [9ms]
2023-05-30 12:45:38.764 [info] > git show --textconv :templates/index.html [53ms]
2023-05-30 12:45:38.775 [info] > git ls-files --stage -- /home/drstrange/wsl_Netf/NetflixClone/templates/index.html [14ms]
2023-05-30 12:45:38.840 [info] > git cat-file -s 91b1a15b9996b7b29ccb7705a13ab05040f74741 [14ms]
2023-05-30 12:45:39.106 [info] > git status -z -uall [663ms]
2023-05-30 12:45:39.270 [info] > git for-each-ref --format=%(refname)%00%(upstream:short)%00%(objectname)%00%(upstream:track)%00%(upstream:remotename)%00%(upstream:remoteref) refs/heads/main refs/remotes/main [54ms]
2023-05-30 12:45:39.272 [info] > git config --get commit.template [101ms]
2023-05-30 12:45:39.466 [info] > git status -z -uall [146ms]
