2023-04-15 12:11:16.498 [info] Log level: Info
2023-04-15 12:11:16.498 [info] Validating found git in: "git"
2023-04-15 12:11:16.498 [info] Using git "2.34.1" from "git"
2023-04-15 12:11:16.498 [info] > git rev-parse --show-toplevel [432ms]
2023-04-15 12:11:16.650 [info] > git rev-parse --git-dir --git-common-dir [101ms]
2023-04-15 12:11:16.678 [info] Open repository: /home/drstrange/wsl_Netf/NetflixClone
2023-04-15 12:11:16.794 [info] > git rev-parse --show-toplevel [66ms]
2023-04-15 12:11:16.870 [info] > git config --get commit.template [90ms]
2023-04-15 12:11:16.922 [info] > git rev-parse --show-toplevel [81ms]
2023-04-15 12:11:16.974 [info] > git rev-parse --show-toplevel [12ms]
2023-04-15 12:11:17.025 [info] > git for-each-ref --format=%(refname)%00%(upstream:short)%00%(objectname)%00%(upstream:track)%00%(upstream:remotename)%00%(upstream:remoteref) refs/heads/main refs/remotes/main [109ms]
2023-04-15 12:11:17.106 [info] > git rev-parse --show-toplevel [87ms]
2023-04-15 12:11:17.161 [info] > git rev-parse --show-toplevel [12ms]
2023-04-15 12:11:18.560 [info] > git status -z -uall [1474ms]
2023-04-15 12:11:18.560 [info] > git check-ignore -v -z --stdin [1150ms]
2023-04-15 12:11:18.895 [info] > git config --get commit.template [272ms]
2023-04-15 12:11:18.979 [info] > git for-each-ref --format=%(refname)%00%(upstream:short)%00%(objectname)%00%(upstream:track)%00%(upstream:remotename)%00%(upstream:remoteref) refs/heads/main refs/remotes/main [39ms]
2023-04-15 12:11:19.172 [info] > git status -z -uall [143ms]
2023-04-15 12:12:44.896 [info] > git check-ignore -v -z --stdin [34ms]
2023-04-15 12:12:48.262 [info] > git check-ignore -v -z --stdin [10ms]
2023-04-15 12:23:43.060 [info] > git config --get commit.template [53ms]
2023-04-15 12:23:43.129 [info] > git for-each-ref --format=%(refname)%00%(upstream:short)%00%(objectname)%00%(upstream:track)%00%(upstream:remotename)%00%(upstream:remoteref) refs/heads/main refs/remotes/main [81ms]
2023-04-15 12:23:43.665 [info] > git status -z -uall [501ms]
2023-04-15 12:23:48.876 [info] > git config --get commit.template [34ms]
2023-04-15 12:23:48.883 [info] > git for-each-ref --format=%(refname)%00%(upstream:short)%00%(objectname)%00%(upstream:track)%00%(upstream:remotename)%00%(upstream:remoteref) refs/heads/main refs/remotes/main [11ms]
2023-04-15 12:23:49.009 [info] > git status -z -uall [100ms]
2023-04-15 12:23:59.923 [info] > git show --textconv :netflixapp/views.py [517ms]
2023-04-15 12:23:59.926 [info] > git ls-files --stage -- /home/drstrange/wsl_Netf/NetflixClone/netflixapp/views.py [464ms]
2023-04-15 12:24:00.057 [info] > git cat-file -s 9c64cd32e503f33f0690dec6a4f44e2c13c0f745 [71ms]
2023-04-15 12:24:03.364 [info] > git show --textconv :netflixapp/models.py [143ms]
2023-04-15 12:24:03.374 [info] > git ls-files --stage -- /home/drstrange/wsl_Netf/NetflixClone/netflixapp/models.py [29ms]
2023-04-15 12:24:03.515 [info] > git cat-file -s bceca194e363829961448f65bef574607ab814ee [68ms]
2023-04-15 12:24:35.023 [info] > git show --textconv :.gitignore [49ms]
2023-04-15 12:24:35.027 [info] > git ls-files --stage -- /home/drstrange/wsl_Netf/NetflixClone/.gitignore [7ms]
2023-04-15 12:24:35.079 [info] > git cat-file -s 6d17870812b5e71eeb5a7038af053fb29a715e7b [8ms]
2023-04-15 12:24:55.066 [info] > git check-ignore -v -z --stdin [8ms]
2023-04-15 12:24:56.093 [info] > git show --textconv :netflixapp/models.py [51ms]
2023-04-15 12:24:56.096 [info] > git ls-files --stage -- /home/drstrange/wsl_Netf/NetflixClone/netflixapp/models.py [11ms]
2023-04-15 12:24:56.143 [info] > git cat-file -s bceca194e363829961448f65bef574607ab814ee [10ms]
2023-04-15 12:24:56.691 [info] > git show --textconv :netflixapp/urls.py [50ms]
2023-04-15 12:24:56.695 [info] > git ls-files --stage -- /home/drstrange/wsl_Netf/NetflixClone/netflixapp/urls.py [9ms]
2023-04-15 12:24:56.747 [info] > git cat-file -s 7c7bbee676bd3dc759b2e56c023ca04d11a5d5ad [10ms]
2023-04-15 12:24:57.514 [info] > git show --textconv :netflixapp/views.py [46ms]
2023-04-15 12:24:57.522 [info] > git ls-files --stage -- /home/drstrange/wsl_Netf/NetflixClone/netflixapp/views.py [13ms]
2023-04-15 12:24:57.576 [info] > git cat-file -s 9c64cd32e503f33f0690dec6a4f44e2c13c0f745 [12ms]
2023-04-15 12:25:00.491 [info] > git show --textconv :templates/index.html [39ms]
2023-04-15 12:25:00.496 [info] > git ls-files --stage -- /home/drstrange/wsl_Netf/NetflixClone/templates/index.html [7ms]
2023-04-15 12:25:00.540 [info] > git cat-file -s 91b1a15b9996b7b29ccb7705a13ab05040f74741 [8ms]
2023-04-15 12:25:01.261 [info] > git show --textconv :templates/moviedetail.html [69ms]
2023-04-15 12:25:01.268 [info] > git ls-files --stage -- /home/drstrange/wsl_Netf/NetflixClone/templates/moviedetail.html [9ms]
2023-04-15 12:25:01.310 [info] > git cat-file -s 2b5c31b0bd2b329c6648a9409039648cfcd81e70 [7ms]
2023-04-15 12:25:01.928 [info] > git show --textconv :templates/movielist.html [37ms]
2023-04-15 12:25:01.933 [info] > git ls-files --stage -- /home/drstrange/wsl_Netf/NetflixClone/templates/movielist.html [8ms]
2023-04-15 12:25:01.977 [info] > git cat-file -s 22e06b4dc30a7654660134cac648126b009151a3 [8ms]
2023-04-15 12:25:02.855 [info] > git show --textconv :templates/profilecreate.html [39ms]
2023-04-15 12:25:02.862 [info] > git ls-files --stage -- /home/drstrange/wsl_Netf/NetflixClone/templates/profilecreate.html [9ms]
2023-04-15 12:25:02.902 [info] > git cat-file -s 5a9127c85dd52312cc893e7d4c894a870d85cc31 [8ms]
2023-04-15 12:25:03.462 [info] > git show --textconv :templates/playmovie.html [35ms]
2023-04-15 12:25:03.466 [info] > git ls-files --stage -- /home/drstrange/wsl_Netf/NetflixClone/templates/playmovie.html [7ms]
2023-04-15 12:25:03.510 [info] > git cat-file -s e63ce51c545a1d584fc815cb4295bbefee94f648 [8ms]
2023-04-15 12:25:04.069 [info] > git show --textconv :templates/profilelist.html [35ms]
2023-04-15 12:25:04.074 [info] > git ls-files --stage -- /home/drstrange/wsl_Netf/NetflixClone/templates/profilelist.html [8ms]
2023-04-15 12:25:04.119 [info] > git cat-file -s 5fe92140631ab869409266a1d893549c4d4f206a [7ms]
2023-04-15 12:25:05.649 [info] > git show --textconv :.env [33ms]
2023-04-15 12:25:05.654 [info] > git ls-files --stage -- /home/drstrange/wsl_Netf/NetflixClone/.env [7ms]
2023-04-15 12:25:05.691 [info] > git cat-file -s 41c2d13a7e5d8e76f4b16b3ee8bd1c7bba2850dc [8ms]
2023-04-15 12:25:08.775 [info] > git show --textconv :manage.py [43ms]
2023-04-15 12:25:08.780 [info] > git ls-files --stage -- /home/drstrange/wsl_Netf/NetflixClone/manage.py [9ms]
2023-04-15 12:25:08.830 [info] > git cat-file -s 16e4f14e4fb6baddc12efdb05a2c7b13cf4dd5e2 [11ms]
2023-04-15 12:25:09.859 [info] > git show --textconv :requirements.txt [40ms]
2023-04-15 12:25:09.864 [info] > git ls-files --stage -- /home/drstrange/wsl_Netf/NetflixClone/requirements.txt [8ms]
2023-04-15 12:25:09.910 [info] > git cat-file -s 9ddd570825b0c60d196f8065ce686968b5013d7c [8ms]
2023-04-15 12:25:12.856 [info] > git check-ignore -v -z --stdin [7ms]
2023-04-15 12:25:13.528 [info] > git show --textconv :netflixapp/migrations/__init__.py [47ms]
2023-04-15 12:25:13.530 [info] > git ls-files --stage -- /home/drstrange/wsl_Netf/NetflixClone/netflixapp/migrations/__init__.py [10ms]
2023-04-15 12:25:13.573 [info] > git cat-file -s e69de29bb2d1d6434b8b29ae775ad8c2e48c5391 [11ms]
2023-04-15 12:25:14.169 [info] > git show --textconv :netflixapp/migrations/0001_initial.py [53ms]
2023-04-15 12:25:14.174 [info] > git ls-files --stage -- /home/drstrange/wsl_Netf/NetflixClone/netflixapp/migrations/0001_initial.py [12ms]
2023-04-15 12:25:14.227 [info] > git cat-file -s 276e1ecc55c3c0f4bc8a530528d0e6d37978a7b6 [13ms]
2023-04-15 12:25:14.865 [info] > git show --textconv :netflixapp/apps.py [44ms]
2023-04-15 12:25:14.870 [info] > git ls-files --stage -- /home/drstrange/wsl_Netf/NetflixClone/netflixapp/apps.py [9ms]
2023-04-15 12:25:14.922 [info] > git cat-file -s b7ef507e3e6a2a8108e5df3c884d8247e0409813 [10ms]
2023-04-15 12:25:15.492 [info] > git show --textconv :netflixapp/__init__.py [39ms]
2023-04-15 12:25:15.496 [info] > git ls-files --stage -- /home/drstrange/wsl_Netf/NetflixClone/netflixapp/__init__.py [9ms]
2023-04-15 12:25:15.562 [info] > git cat-file -s e69de29bb2d1d6434b8b29ae775ad8c2e48c5391 [25ms]
2023-04-15 12:25:16.123 [info] > git show --textconv :netflixapp/admin.py [53ms]
2023-04-15 12:25:16.128 [info] > git ls-files --stage -- /home/drstrange/wsl_Netf/NetflixClone/netflixapp/admin.py [17ms]
2023-04-15 12:25:16.182 [info] > git cat-file -s aafc392b976669ed301449c1d99bc4ed6e5c8cb1 [8ms]
2023-04-15 12:25:16.850 [info] > git show --textconv :netflixapp/apps.py [45ms]
2023-04-15 12:25:16.855 [info] > git ls-files --stage -- /home/drstrange/wsl_Netf/NetflixClone/netflixapp/apps.py [9ms]
2023-04-15 12:25:16.903 [info] > git cat-file -s b7ef507e3e6a2a8108e5df3c884d8247e0409813 [8ms]
2023-04-15 12:25:17.477 [info] > git show --textconv :netflixapp/models.py [42ms]
2023-04-15 12:25:17.481 [info] > git ls-files --stage -- /home/drstrange/wsl_Netf/NetflixClone/netflixapp/models.py [8ms]
2023-04-15 12:25:17.528 [info] > git cat-file -s bceca194e363829961448f65bef574607ab814ee [9ms]
2023-04-15 12:25:18.239 [info] > git show --textconv :netflixapp/views.py [50ms]
2023-04-15 12:25:18.244 [info] > git ls-files --stage -- /home/drstrange/wsl_Netf/NetflixClone/netflixapp/views.py [9ms]
2023-04-15 12:25:18.293 [info] > git cat-file -s 9c64cd32e503f33f0690dec6a4f44e2c13c0f745 [8ms]
2023-04-15 12:25:18.986 [info] > git show --textconv :netflixapp/models.py [43ms]
2023-04-15 12:25:18.993 [info] > git ls-files --stage -- /home/drstrange/wsl_Netf/NetflixClone/netflixapp/models.py [12ms]
2023-04-15 12:25:19.039 [info] > git cat-file -s bceca194e363829961448f65bef574607ab814ee [8ms]
2023-04-15 12:25:19.700 [info] > git show --textconv :netflixapp/urls.py [41ms]
2023-04-15 12:25:19.705 [info] > git ls-files --stage -- /home/drstrange/wsl_Netf/NetflixClone/netflixapp/urls.py [12ms]
2023-04-15 12:25:19.746 [info] > git cat-file -s 7c7bbee676bd3dc759b2e56c023ca04d11a5d5ad [9ms]
2023-04-15 12:25:21.751 [info] > git show --textconv :netflixapp/forms.py [38ms]
2023-04-15 12:25:21.755 [info] > git ls-files --stage -- /home/drstrange/wsl_Netf/NetflixClone/netflixapp/forms.py [8ms]
2023-04-15 12:25:21.796 [info] > git cat-file -s 21e5333d3945157a879576ac01662e7dae3244a5 [8ms]
2023-04-15 12:25:22.654 [info] > git show --textconv :netflixapp/apps.py [51ms]
2023-04-15 12:25:22.658 [info] > git ls-files --stage -- /home/drstrange/wsl_Netf/NetflixClone/netflixapp/apps.py [11ms]
2023-04-15 12:25:22.704 [info] > git cat-file -s b7ef507e3e6a2a8108e5df3c884d8247e0409813 [7ms]
2023-04-15 12:25:23.692 [info] > git show --textconv :netflixapp/forms.py [50ms]
2023-04-15 12:25:23.696 [info] > git ls-files --stage -- /home/drstrange/wsl_Netf/NetflixClone/netflixapp/forms.py [13ms]
2023-04-15 12:25:23.746 [info] > git cat-file -s 21e5333d3945157a879576ac01662e7dae3244a5 [9ms]
2023-04-15 12:25:24.484 [info] > git show --textconv :netflixapp/apps.py [48ms]
2023-04-15 12:25:24.488 [info] > git ls-files --stage -- /home/drstrange/wsl_Netf/NetflixClone/netflixapp/apps.py [9ms]
2023-04-15 12:25:24.528 [info] > git cat-file -s b7ef507e3e6a2a8108e5df3c884d8247e0409813 [8ms]
2023-04-15 12:25:25.004 [info] > git show --textconv :netflixapp/admin.py [41ms]
2023-04-15 12:25:25.008 [info] > git ls-files --stage -- /home/drstrange/wsl_Netf/NetflixClone/netflixapp/admin.py [9ms]
2023-04-15 12:25:25.045 [info] > git cat-file -s aafc392b976669ed301449c1d99bc4ed6e5c8cb1 [7ms]
2023-04-15 12:25:25.631 [info] > git show --textconv :netflixapp/migrations/0001_initial.py [61ms]
2023-04-15 12:25:25.636 [info] > git ls-files --stage -- /home/drstrange/wsl_Netf/NetflixClone/netflixapp/migrations/0001_initial.py [14ms]
2023-04-15 12:25:25.706 [info] > git cat-file -s 276e1ecc55c3c0f4bc8a530528d0e6d37978a7b6 [17ms]
2023-04-15 12:25:27.941 [info] > git show --textconv :netclone/wsgi.py [45ms]
2023-04-15 12:25:27.944 [info] > git ls-files --stage -- /home/drstrange/wsl_Netf/NetflixClone/netclone/wsgi.py [8ms]
2023-04-15 12:25:27.983 [info] > git cat-file -s 07a0d8010fade3ac436ccd7c570922c05cfcdaa2 [8ms]
2023-04-15 12:25:28.549 [info] > git show --textconv :netclone/settings.py [51ms]
2023-04-15 12:25:28.553 [info] > git ls-files --stage -- /home/drstrange/wsl_Netf/NetflixClone/netclone/settings.py [9ms]
2023-04-15 12:25:28.613 [info] > git cat-file -s 46be8604c6486a5991d738c204c964f203baaa67 [13ms]
2023-04-15 12:25:29.539 [info] > git show --textconv :netclone/asgi.py [42ms]
2023-04-15 12:25:29.549 [info] > git ls-files --stage -- /home/drstrange/wsl_Netf/NetflixClone/netclone/asgi.py [14ms]
2023-04-15 12:25:29.597 [info] > git cat-file -s d3699beffdd6fd774321cd14620b54f766f72910 [9ms]
2023-04-15 12:25:30.084 [info] > git show --textconv :netclone/__init__.py [45ms]
2023-04-15 12:25:30.090 [info] > git ls-files --stage -- /home/drstrange/wsl_Netf/NetflixClone/netclone/__init__.py [9ms]
2023-04-15 12:25:30.132 [info] > git cat-file -s e69de29bb2d1d6434b8b29ae775ad8c2e48c5391 [7ms]
2023-04-15 12:25:30.805 [info] > git show --textconv :netclone/urls.py [48ms]
2023-04-15 12:25:30.810 [info] > git ls-files --stage -- /home/drstrange/wsl_Netf/NetflixClone/netclone/urls.py [9ms]
2023-04-15 12:25:30.853 [info] > git cat-file -s 20a752636fbbb3860026dc0bf6a953cb81f08ef4 [8ms]
2023-04-15 12:25:31.413 [info] > git show --textconv :netclone/settings.py [57ms]
2023-04-15 12:25:31.416 [info] > git ls-files --stage -- /home/drstrange/wsl_Netf/NetflixClone/netclone/settings.py [9ms]
2023-04-15 12:25:31.467 [info] > git cat-file -s 46be8604c6486a5991d738c204c964f203baaa67 [9ms]
