2023-05-26 01:45:16.986 [info] Log level: Info
2023-05-26 01:45:16.987 [info] Validating found git in: "git"
2023-05-26 01:45:16.987 [info] Using git "2.34.1" from "git"
2023-05-26 01:45:16.987 [info] > git rev-parse --show-toplevel [342ms]
2023-05-26 01:45:17.384 [info] > git rev-parse --git-dir --git-common-dir [193ms]
2023-05-26 01:45:17.405 [info] Open repository: /home/drstrange/wsl_Netf/NetflixClone
2023-05-26 01:45:17.621 [info] > git config --get commit.template [94ms]
2023-05-26 01:45:17.622 [info] > git rev-parse --show-toplevel [157ms]
2023-05-26 01:45:18.049 [info] > git rev-parse --show-toplevel [323ms]
2023-05-26 01:45:18.210 [info] > git rev-parse --show-toplevel [92ms]
2023-05-26 01:45:18.268 [info] > git for-each-ref --format=%(refname)%00%(upstream:short)%00%(objectname)%00%(upstream:track)%00%(upstream:remotename)%00%(upstream:remoteref) refs/heads/main refs/remotes/main [352ms]
2023-05-26 01:45:18.434 [info] > git check-ignore -v -z --stdin [244ms]
2023-05-26 01:45:18.439 [info] > git rev-parse --show-toplevel [172ms]
2023-05-26 01:45:18.543 [info] > git rev-parse --show-toplevel [31ms]
2023-05-26 01:45:18.713 [info] > git show --textconv :manage.py [93ms]
2023-05-26 01:45:18.719 [info] > git ls-files --stage -- /home/drstrange/wsl_Netf/NetflixClone/manage.py [25ms]
2023-05-26 01:45:18.960 [info] > git cat-file -s 16e4f14e4fb6baddc12efdb05a2c7b13cf4dd5e2 [153ms]
2023-05-26 01:45:19.174 [info] > git status -z -uall [841ms]
2023-05-26 01:45:19.382 [info] > git config --get commit.template [127ms]
2023-05-26 01:45:19.382 [info] > git for-each-ref --format=%(refname)%00%(upstream:short)%00%(objectname)%00%(upstream:track)%00%(upstream:remotename)%00%(upstream:remoteref) refs/heads/main refs/remotes/main [45ms]
2023-05-26 01:45:19.708 [info] > git status -z -uall [270ms]
2023-05-26 01:45:24.352 [info] > git show --textconv :.gitignore [83ms]
2023-05-26 01:45:24.378 [info] > git ls-files --stage -- /home/drstrange/wsl_Netf/NetflixClone/.gitignore [31ms]
2023-05-26 01:45:24.585 [info] > git cat-file -s 6d17870812b5e71eeb5a7038af053fb29a715e7b [63ms]
2023-05-26 01:45:25.821 [info] > git check-ignore -v -z --stdin [31ms]
2023-05-26 01:45:27.310 [info] > git check-ignore -v -z --stdin [22ms]
2023-05-26 01:45:28.762 [info] > git show --textconv :templates/base.html [105ms]
2023-05-26 01:45:28.789 [info] > git ls-files --stage -- /home/drstrange/wsl_Netf/NetflixClone/templates/base.html [39ms]
2023-05-26 01:45:29.015 [info] > git cat-file -s 10ca4d1bc3767b1e689e37e54d1a9e2e8e30ab20 [54ms]
2023-05-26 01:45:30.412 [info] > git show --textconv :templates/moviedetail.html [161ms]
2023-05-26 01:45:30.413 [info] > git ls-files --stage -- /home/drstrange/wsl_Netf/NetflixClone/templates/moviedetail.html [33ms]
2023-05-26 01:45:30.657 [info] > git cat-file -s 2b5c31b0bd2b329c6648a9409039648cfcd81e70 [40ms]
2023-05-26 01:45:32.445 [info] > git show --textconv :templates/playmovie.html [145ms]
2023-05-26 01:45:32.573 [info] > git ls-files --stage -- /home/drstrange/wsl_Netf/NetflixClone/templates/playmovie.html [131ms]
2023-05-26 01:45:32.858 [info] > git cat-file -s e63ce51c545a1d584fc815cb4295bbefee94f648 [46ms]
2023-05-26 02:38:18.041 [info] > git show --textconv :templates/movielist.html [54ms]
2023-05-26 02:38:18.053 [info] > git ls-files --stage -- /home/drstrange/wsl_Netf/NetflixClone/templates/movielist.html [20ms]
2023-05-26 02:38:18.110 [info] > git cat-file -s 22e06b4dc30a7654660134cac648126b009151a3 [12ms]
2023-05-26 02:38:19.361 [info] > git show --textconv :templates/moviedetail.html [46ms]
2023-05-26 02:38:19.369 [info] > git ls-files --stage -- /home/drstrange/wsl_Netf/NetflixClone/templates/moviedetail.html [12ms]
2023-05-26 02:38:19.423 [info] > git cat-file -s 2b5c31b0bd2b329c6648a9409039648cfcd81e70 [11ms]
2023-05-26 02:38:21.459 [info] > git show --textconv :templates/index.html [41ms]
2023-05-26 02:38:21.465 [info] > git ls-files --stage -- /home/drstrange/wsl_Netf/NetflixClone/templates/index.html [10ms]
2023-05-26 02:38:21.516 [info] > git cat-file -s 91b1a15b9996b7b29ccb7705a13ab05040f74741 [11ms]
2023-05-26 02:38:23.173 [info] > git show --textconv :templates/base.html [45ms]
2023-05-26 02:38:23.178 [info] > git ls-files --stage -- /home/drstrange/wsl_Netf/NetflixClone/templates/base.html [9ms]
2023-05-26 02:38:23.230 [info] > git cat-file -s 10ca4d1bc3767b1e689e37e54d1a9e2e8e30ab20 [13ms]
2023-05-26 02:38:24.199 [info] > git show --textconv :templates/playmovie.html [40ms]
2023-05-26 02:38:24.206 [info] > git ls-files --stage -- /home/drstrange/wsl_Netf/NetflixClone/templates/playmovie.html [10ms]
2023-05-26 02:38:24.251 [info] > git cat-file -s e63ce51c545a1d584fc815cb4295bbefee94f648 [9ms]
2023-05-26 02:38:25.960 [info] > git show --textconv :templates/profilelist.html [47ms]
2023-05-26 02:38:25.965 [info] > git ls-files --stage -- /home/drstrange/wsl_Netf/NetflixClone/templates/profilelist.html [10ms]
2023-05-26 02:38:26.010 [info] > git cat-file -s 5fe92140631ab869409266a1d893549c4d4f206a [9ms]
2023-05-26 02:38:27.371 [info] > git show --textconv :templates/profilecreate.html [47ms]
2023-05-26 02:38:27.378 [info] > git ls-files --stage -- /home/drstrange/wsl_Netf/NetflixClone/templates/profilecreate.html [10ms]
2023-05-26 02:38:27.436 [info] > git cat-file -s 5a9127c85dd52312cc893e7d4c894a870d85cc31 [11ms]
2023-05-26 02:38:30.593 [info] > git show --textconv :templates/playmovie.html [48ms]
2023-05-26 02:38:30.598 [info] > git ls-files --stage -- /home/drstrange/wsl_Netf/NetflixClone/templates/playmovie.html [9ms]
2023-05-26 02:38:30.648 [info] > git cat-file -s e63ce51c545a1d584fc815cb4295bbefee94f648 [9ms]
2023-05-26 02:38:32.890 [info] > git show --textconv :templates/movielist.html [46ms]
2023-05-26 02:38:32.895 [info] > git ls-files --stage -- /home/drstrange/wsl_Netf/NetflixClone/templates/movielist.html [11ms]
2023-05-26 02:38:32.955 [info] > git cat-file -s 22e06b4dc30a7654660134cac648126b009151a3 [11ms]
2023-05-26 02:39:13.206 [info] > git show --textconv :templates/profilecreate.html [44ms]
2023-05-26 02:39:13.247 [info] > git ls-files --stage -- /home/drstrange/wsl_Netf/NetflixClone/templates/profilecreate.html [44ms]
2023-05-26 02:39:13.302 [info] > git cat-file -s 5a9127c85dd52312cc893e7d4c894a870d85cc31 [11ms]
2023-05-26 02:39:18.012 [info] > git show --textconv :templates/movielist.html [44ms]
2023-05-26 02:39:18.018 [info] > git ls-files --stage -- /home/drstrange/wsl_Netf/NetflixClone/templates/movielist.html [10ms]
2023-05-26 02:39:18.065 [info] > git cat-file -s 22e06b4dc30a7654660134cac648126b009151a3 [8ms]
2023-05-26 02:39:19.136 [info] > git show --textconv :templates/index.html [41ms]
2023-05-26 02:39:19.143 [info] > git ls-files --stage -- /home/drstrange/wsl_Netf/NetflixClone/templates/index.html [9ms]
2023-05-26 02:39:19.193 [info] > git cat-file -s 91b1a15b9996b7b29ccb7705a13ab05040f74741 [8ms]
