2023-04-25 00:07:49.508 [info] Extension host with pid 130 started
2023-04-25 00:07:49.797 [info] ExtensionService#_doActivateExtension vscode.emmet, startup: false, activationEvent: 'onLanguage'
2023-04-25 00:07:49.801 [info] ExtensionService#_doActivateExtension batisteo.vscode-django, startup: false, activationEvent: 'onLanguage:python'
2023-04-25 00:07:49.802 [info] ExtensionService#_doActivateExtension ms-python.python, startup: false, activationEvent: 'onLanguage:python'
2023-04-25 00:07:49.803 [info] ExtensionService#_doActivateExtension ms-toolsai.jupyter, startup: false, activationEvent: 'onLanguage:python'
2023-04-25 00:07:49.804 [info] ExtensionService#_doActivateExtension njpwerner.autodocstring, startup: false, activationEvent: 'onLanguage:python'
2023-04-25 00:07:49.805 [info] ExtensionService#_doActivateExtension VisualStudioExptTeam.intellicode-api-usage-examples, startup: false, activationEvent: 'onLanguage:python'
2023-04-25 00:07:49.806 [info] ExtensionService#_doActivateExtension VisualStudioExptTeam.vscodeintellicode, startup: false, activationEvent: 'onLanguage:python'
2023-04-25 00:07:52.274 [info] ExtensionService#_doActivateExtension vscode.git-base, startup: true, activationEvent: '*', root cause: vscode.git
2023-04-25 00:07:52.274 [info] ExtensionService#_doActivateExtension Atishay-Jain.All-Autocomplete, startup: true, activationEvent: '*'
2023-04-25 00:07:52.361 [info] Lock '/home/drstrange/.vscode-server/data/User/workspaceStorage/464ae52e75428f05fa925c266318af49/vscode.lock': Lock acquired.
2023-04-25 00:07:53.259 [info] ExtensionService#_doActivateExtension ms-toolsai.jupyter-renderers, startup: false, activationEvent: 'api', root cause: ms-toolsai.jupyter
2023-04-25 00:07:53.449 [info] ExtensionService#_doActivateExtension vscode.git, startup: true, activationEvent: '*'
2023-04-25 00:07:53.450 [info] ExtensionService#_doActivateExtension vscode.github, startup: true, activationEvent: '*'
2023-04-25 00:07:54.586 [info] ExtensionService#_doActivateExtension ms-python.vscode-pylance, startup: false, activationEvent: 'onLanguage:python'
2023-04-25 00:07:55.966 [info] Eager extensions activated
2023-04-25 00:07:55.967 [info] ExtensionService#_doActivateExtension vscode.debug-auto-launch, startup: false, activationEvent: 'onStartupFinished'
2023-04-25 00:07:55.968 [info] ExtensionService#_doActivateExtension vscode.merge-conflict, startup: false, activationEvent: 'onStartupFinished'
2023-04-25 00:07:58.509 [info] ExtensionService#_doActivateExtension vscode.configuration-editing, startup: false, activationEvent: 'onLanguage:jsonc'
2023-04-25 00:07:58.509 [info] ExtensionService#_doActivateExtension vscode.json-language-features, startup: false, activationEvent: 'onLanguage:jsonc'
2023-04-25 00:07:58.510 [info] ExtensionService#_doActivateExtension vscode.typescript-language-features, startup: false, activationEvent: 'onLanguage:jsonc'
2023-04-25 00:39:14.242 [info] Extension host terminating: received terminate message from renderer
2023-04-25 00:39:14.243 [info] Lock '/home/drstrange/.vscode-server/data/User/workspaceStorage/464ae52e75428f05fa925c266318af49/vscode.lock': Marking the lockfile as scheduled to be released in 6000 ms.
2023-04-25 00:39:14.350 [error] Canceled: Canceled
	at new l (/home/drstrange/.vscode-server/bin/704ed70d4fd1c6bd6342c436f1ede30d1cff4710/out/vs/workbench/api/node/extensionHostProcess.js:99:105190)
	at c.O (/home/drstrange/.vscode-server/bin/704ed70d4fd1c6bd6342c436f1ede30d1cff4710/out/vs/workbench/api/node/extensionHostProcess.js:109:11692)
	at Proxy.G.<computed>.Q.charCodeAt.G.<computed> (/home/drstrange/.vscode-server/bin/704ed70d4fd1c6bd6342c436f1ede30d1cff4710/out/vs/workbench/api/node/extensionHostProcess.js:109:8967)
	at m.g (/home/drstrange/.vscode-server/bin/704ed70d4fd1c6bd6342c436f1ede30d1cff4710/out/vs/workbench/api/node/extensionHostProcess.js:99:125211)
	at m.executeCommand (/home/drstrange/.vscode-server/bin/704ed70d4fd1c6bd6342c436f1ede30d1cff4710/out/vs/workbench/api/node/extensionHostProcess.js:99:124587)
	at L.registerCommand.description (/home/drstrange/.vscode-server/bin/704ed70d4fd1c6bd6342c436f1ede30d1cff4710/out/vs/workbench/api/node/extensionHostProcess.js:99:123880)
	at m.h (/home/drstrange/.vscode-server/bin/704ed70d4fd1c6bd6342c436f1ede30d1cff4710/out/vs/workbench/api/node/extensionHostProcess.js:99:125797)
	at m.g (/home/drstrange/.vscode-server/bin/704ed70d4fd1c6bd6342c436f1ede30d1cff4710/out/vs/workbench/api/node/extensionHostProcess.js:99:124687)
	at m.executeCommand (/home/drstrange/.vscode-server/bin/704ed70d4fd1c6bd6342c436f1ede30d1cff4710/out/vs/workbench/api/node/extensionHostProcess.js:99:124587)
	at Object.executeCommand (/home/drstrange/.vscode-server/bin/704ed70d4fd1c6bd6342c436f1ede30d1cff4710/out/vs/workbench/api/node/extensionHostProcess.js:115:23801)
	at D (/home/drstrange/.vscode-server/bin/704ed70d4fd1c6bd6342c436f1ede30d1cff4710/extensions/git/dist/main.js:2:1467156)
	at E.invoke (/home/drstrange/.vscode-server/bin/704ed70d4fd1c6bd6342c436f1ede30d1cff4710/out/vs/workbench/api/node/extensionHostProcess.js:63:145)
	at h.deliver (/home/drstrange/.vscode-server/bin/704ed70d4fd1c6bd6342c436f1ede30d1cff4710/out/vs/workbench/api/node/extensionHostProcess.js:63:2121)
	at n.fire (/home/drstrange/.vscode-server/bin/704ed70d4fd1c6bd6342c436f1ede30d1cff4710/out/vs/workbench/api/node/extensionHostProcess.js:63:1729)
	at Object.m [as dispose] (/home/drstrange/.vscode-server/bin/704ed70d4fd1c6bd6342c436f1ede30d1cff4710/extensions/git/dist/main.js:2:1481885)
	at /home/drstrange/.vscode-server/bin/704ed70d4fd1c6bd6342c436f1ede30d1cff4710/extensions/git/dist/main.js:2:1485952
	at Array.forEach (<anonymous>)
	at g.dispose (/home/drstrange/.vscode-server/bin/704ed70d4fd1c6bd6342c436f1ede30d1cff4710/extensions/git/dist/main.js:2:1485938)
	at t.<anonymous> (/home/drstrange/.vscode-server/bin/704ed70d4fd1c6bd6342c436f1ede30d1cff4710/out/vs/workbench/api/node/extensionHostProcess.js:97:12398)
	at t.dispose (/home/drstrange/.vscode-server/bin/704ed70d4fd1c6bd6342c436f1ede30d1cff4710/out/vs/workbench/api/node/extensionHostProcess.js:97:12533)
	at t.<anonymous> (/home/drstrange/.vscode-server/bin/704ed70d4fd1c6bd6342c436f1ede30d1cff4710/extensions/git/dist/main.js:2:1469286)
	at t.dispose (/home/drstrange/.vscode-server/bin/704ed70d4fd1c6bd6342c436f1ede30d1cff4710/out/vs/workbench/api/node/extensionHostProcess.js:97:12533)
	at I (/home/drstrange/.vscode-server/bin/704ed70d4fd1c6bd6342c436f1ede30d1cff4710/out/vs/workbench/api/node/extensionHostProcess.js:10:12084)
	at E.Y (/home/drstrange/.vscode-server/bin/704ed70d4fd1c6bd6342c436f1ede30d1cff4710/out/vs/workbench/api/node/extensionHostProcess.js:111:11147)
	at /home/drstrange/.vscode-server/bin/704ed70d4fd1c6bd6342c436f1ede30d1cff4710/out/vs/workbench/api/node/extensionHostProcess.js:111:9131
	at Array.map (<anonymous>)
	at E.R (/home/drstrange/.vscode-server/bin/704ed70d4fd1c6bd6342c436f1ede30d1cff4710/out/vs/workbench/api/node/extensionHostProcess.js:111:9118)
	at E.terminate (/home/drstrange/.vscode-server/bin/704ed70d4fd1c6bd6342c436f1ede30d1cff4710/out/vs/workbench/api/node/extensionHostProcess.js:111:9389)
	at d.terminate (/home/drstrange/.vscode-server/bin/704ed70d4fd1c6bd6342c436f1ede30d1cff4710/out/vs/workbench/api/node/extensionHostProcess.js:115:1544)
	at p (/home/drstrange/.vscode-server/bin/704ed70d4fd1c6bd6342c436f1ede30d1cff4710/out/vs/workbench/api/node/extensionHostProcess.js:125:18690)
	at /home/drstrange/.vscode-server/bin/704ed70d4fd1c6bd6342c436f1ede30d1cff4710/out/vs/workbench/api/node/extensionHostProcess.js:125:16600
	at E.invoke (/home/drstrange/.vscode-server/bin/704ed70d4fd1c6bd6342c436f1ede30d1cff4710/out/vs/workbench/api/node/extensionHostProcess.js:63:145)
	at h.deliver (/home/drstrange/.vscode-server/bin/704ed70d4fd1c6bd6342c436f1ede30d1cff4710/out/vs/workbench/api/node/extensionHostProcess.js:63:2121)
	at n.fire (/home/drstrange/.vscode-server/bin/704ed70d4fd1c6bd6342c436f1ede30d1cff4710/out/vs/workbench/api/node/extensionHostProcess.js:63:1729)
	at p.fire (/home/drstrange/.vscode-server/bin/704ed70d4fd1c6bd6342c436f1ede30d1cff4710/out/vs/workbench/api/node/extensionHostProcess.js:72:14916)
	at s.E (/home/drstrange/.vscode-server/bin/704ed70d4fd1c6bd6342c436f1ede30d1cff4710/out/vs/workbench/api/node/extensionHostProcess.js:72:18982)
	at /home/drstrange/.vscode-server/bin/704ed70d4fd1c6bd6342c436f1ede30d1cff4710/out/vs/workbench/api/node/extensionHostProcess.js:72:16970
	at E.invoke (/home/drstrange/.vscode-server/bin/704ed70d4fd1c6bd6342c436f1ede30d1cff4710/out/vs/workbench/api/node/extensionHostProcess.js:63:145)
	at h.deliver (/home/drstrange/.vscode-server/bin/704ed70d4fd1c6bd6342c436f1ede30d1cff4710/out/vs/workbench/api/node/extensionHostProcess.js:63:2121)
	at n.fire (/home/drstrange/.vscode-server/bin/704ed70d4fd1c6bd6342c436f1ede30d1cff4710/out/vs/workbench/api/node/extensionHostProcess.js:63:1729)
	at d.acceptChunk (/home/drstrange/.vscode-server/bin/704ed70d4fd1c6bd6342c436f1ede30d1cff4710/out/vs/workbench/api/node/extensionHostProcess.js:72:12647)
	at /home/drstrange/.vscode-server/bin/704ed70d4fd1c6bd6342c436f1ede30d1cff4710/out/vs/workbench/api/node/extensionHostProcess.js:72:11934
	at E.invoke (/home/drstrange/.vscode-server/bin/704ed70d4fd1c6bd6342c436f1ede30d1cff4710/out/vs/workbench/api/node/extensionHostProcess.js:63:145)
	at h.deliver (/home/drstrange/.vscode-server/bin/704ed70d4fd1c6bd6342c436f1ede30d1cff4710/out/vs/workbench/api/node/extensionHostProcess.js:63:2121)
	at n.fire (/home/drstrange/.vscode-server/bin/704ed70d4fd1c6bd6342c436f1ede30d1cff4710/out/vs/workbench/api/node/extensionHostProcess.js:63:1729)
	at n.u (/home/drstrange/.vscode-server/bin/704ed70d4fd1c6bd6342c436f1ede30d1cff4710/out/vs/workbench/api/node/extensionHostProcess.js:72:28919)
	at n.acceptFrame (/home/drstrange/.vscode-server/bin/704ed70d4fd1c6bd6342c436f1ede30d1cff4710/out/vs/workbench/api/node/extensionHostProcess.js:72:28725)
	at E.l (/home/drstrange/.vscode-server/bin/704ed70d4fd1c6bd6342c436f1ede30d1cff4710/out/vs/workbench/api/node/extensionHostProcess.js:72:27312)
	at /home/drstrange/.vscode-server/bin/704ed70d4fd1c6bd6342c436f1ede30d1cff4710/out/vs/workbench/api/node/extensionHostProcess.js:72:24635
	at Socket.s (/home/drstrange/.vscode-server/bin/704ed70d4fd1c6bd6342c436f1ede30d1cff4710/out/vs/workbench/api/node/extensionHostProcess.js:72:22469)
	at Socket.emit (node:events:526:28)
	at addChunk (node:internal/streams/readable:315:12)
	at readableAddChunk (node:internal/streams/readable:289:9)
	at Socket.Readable.push (node:internal/streams/readable:228:10)
	at TCP.onStreamRead (node:internal/stream_base_commons:190:23) setContext undefined
2023-04-25 00:39:14.376 [info] Extension host with pid 130 exiting with code 0
