2023-04-08 14:53:56.157 [info] Log level: Info
2023-04-08 14:53:56.158 [info] Validating found git in: "git"
2023-04-08 14:53:56.158 [info] Using git "2.34.1" from "git"
2023-04-08 14:53:56.158 [info] > git rev-parse --show-toplevel [236ms]
2023-04-08 14:53:56.292 [info] > git rev-parse --git-dir --git-common-dir [98ms]
2023-04-08 14:53:56.313 [info] Open repository: /home/drstrange/wsl_ecommerce/Ecommerce
2023-04-08 14:53:57.152 [info] > git check-ignore -v -z --stdin [121ms]
2023-04-08 14:53:57.157 [info] > git config --get commit.template [765ms]
2023-04-08 14:53:57.158 [info] > git rev-parse --show-toplevel [808ms]
2023-04-08 14:53:57.271 [info] > git rev-parse --show-toplevel [78ms]
2023-04-08 14:53:57.369 [info] > git rev-parse --show-toplevel [61ms]
2023-04-08 14:53:57.457 [info] > git for-each-ref --format=%(refname)%00%(upstream:short)%00%(objectname)%00%(upstream:track)%00%(upstream:remotename)%00%(upstream:remoteref) refs/heads/main refs/remotes/main [110ms]
2023-04-08 14:53:57.504 [info] > git rev-parse --show-toplevel [96ms]
2023-04-08 14:53:57.618 [info] > git check-ignore -v -z --stdin [32ms]
2023-04-08 14:53:57.621 [info] > git rev-parse --show-toplevel [78ms]
2023-04-08 14:53:57.793 [info] > git show --textconv :requirements.txt [118ms]
2023-04-08 14:54:01.184 [info] > git ls-files --stage -- /home/drstrange/wsl_ecommerce/Ecommerce/requirements.txt [3462ms]
2023-04-08 14:54:02.216 [info] > git status -z -uall [4720ms]
2023-04-08 14:54:02.298 [info] > git cat-file -s 0ad711da94a90f64872c1888335fcfcdc144ac8c [1078ms]
2023-04-08 14:54:03.143 [info] > git show --textconv :Ecomm/urls.py [558ms]
2023-04-08 14:54:03.145 [info] > git ls-files --stage -- /home/drstrange/wsl_ecommerce/Ecommerce/Ecomm/urls.py [505ms]
2023-04-08 14:54:03.202 [info] > git config --get commit.template [695ms]
2023-04-08 14:54:03.347 [info] > git cat-file -s 49e16165c305a0d6cfad0bd9461b41dbc8b55334 [150ms]
2023-04-08 14:54:03.362 [info] > git for-each-ref --format=%(refname)%00%(upstream:short)%00%(objectname)%00%(upstream:track)%00%(upstream:remotename)%00%(upstream:remoteref) refs/heads/main refs/remotes/main [36ms]
2023-04-08 14:54:03.554 [info] > git status -z -uall [133ms]
2023-04-08 14:54:05.062 [info] > git check-ignore -v -z --stdin [46ms]
2023-04-08 14:54:06.252 [info] > git show --textconv :core/apps.py [88ms]
2023-04-08 14:54:06.263 [info] > git ls-files --stage -- /home/drstrange/wsl_ecommerce/Ecommerce/core/apps.py [19ms]
2023-04-08 14:54:06.374 [info] > git cat-file -s 8115ae60bc647249211ecbd4bbf6aa65478e9b5c [40ms]
2023-04-08 14:54:07.460 [info] > git show --textconv :core/models.py [117ms]
2023-04-08 14:54:07.472 [info] > git ls-files --stage -- /home/drstrange/wsl_ecommerce/Ecommerce/core/models.py [28ms]
2023-04-08 14:54:07.611 [info] > git cat-file -s 48991e35ebda98b8dbc1af17e7a32b1381a00f02 [35ms]
2023-04-08 14:54:30.258 [info] > git show --textconv :core/views.py [72ms]
2023-04-08 14:54:30.260 [info] > git ls-files --stage -- /home/drstrange/wsl_ecommerce/Ecommerce/core/views.py [15ms]
2023-04-08 14:54:30.336 [info] > git cat-file -s 19272e6dbe6f3ec6d9a990503154d63d5bef57d6 [8ms]
